<?xml version="1.0" encoding="UTF-8"?>
<testsuite name="TestEnumTest" tests="1" skipped="0" failures="0" errors="0" timestamp="2022-12-07T08:30:51" hostname="jamez" time="0.054">
  <properties/>
  <testcase name="apply()" classname="TestEnumTest" time="0.054"/>
  <system-out><![CDATA[]]></system-out>
  <system-err><![CDATA[]]></system-err>
</testsuite>
